2024-06-26 05:30:06,208 - INFO - Using port: 2005
2024-06-26 05:30:28,699 - INFO - Chattanooga Lovell Airport, TN, United States Total Number of Hotels: 19
2024-06-26 05:30:32,602 - INFO - Chattanooga Lovell Airport, TN, United States First scroll: 17
2024-06-26 05:30:35,636 - INFO - Chattanooga Lovell Airport, TN, United States Total Number of Available Hotels: 17
2024-06-26 05:30:35,655 - INFO - Chattanooga Lovell Airport, TN, United States Hotel Number : 1
2024-06-26 05:30:42,064 - INFO - Chattanooga Lovell Airport, TN, United States Extracting data for hotel: Staybridge Suites: Chattanooga-Hamilton Place
2024-06-26 05:30:45,211 - INFO - Chattanooga Lovell Airport, TN, United States Hotel Number : 2
2024-06-26 05:30:52,306 - INFO - Chattanooga Lovell Airport, TN, United States Extracting data for hotel: Candlewood Suites: Chattanooga - East Ridge
2024-06-26 05:30:55,491 - INFO - Chattanooga Lovell Airport, TN, United States Hotel Number : 3
2024-06-26 05:31:05,314 - INFO - Chattanooga Lovell Airport, TN, United States Extracting data for hotel: Holiday Inn Express & Suites: Chattanooga (East Ridge)
2024-06-26 05:31:08,590 - INFO - Chattanooga Lovell Airport, TN, United States Hotel Number : 4
2024-06-26 05:31:21,444 - INFO - Chattanooga Lovell Airport, TN, United States Extracting data for hotel: Holiday Inn & Suites: Chattanooga Downtown
2024-06-26 05:31:24,796 - INFO - Chattanooga Lovell Airport, TN, United States Hotel Number : 5
2024-06-26 05:31:38,140 - INFO - Chattanooga Lovell Airport, TN, United States Extracting data for hotel: Hotel Indigo: Chattanooga - Downtown
2024-06-26 05:31:41,496 - INFO - Chattanooga Lovell Airport, TN, United States Hotel Number : 6
2024-06-26 05:31:57,482 - INFO - Chattanooga Lovell Airport, TN, United States Extracting data for hotel: Staybridge Suites: Chattanooga Dwtn - Conv Ctnr
2024-06-26 05:32:00,734 - INFO - Chattanooga Lovell Airport, TN, United States Hotel Number : 7
2024-06-26 05:32:19,986 - INFO - Chattanooga Lovell Airport, TN, United States Extracting data for hotel: Holiday Inn Express & Suites: Chattanooga-Hixson
2024-06-26 05:32:23,312 - INFO - Chattanooga Lovell Airport, TN, United States Hotel Number : 8
2024-06-26 05:32:43,829 - INFO - Chattanooga Lovell Airport, TN, United States Extracting data for hotel: Holiday Inn Express & Suites: Chattanooga Downtown
2024-06-26 05:32:47,217 - INFO - Chattanooga Lovell Airport, TN, United States Hotel Number : 9
2024-06-26 05:33:10,830 - INFO - Chattanooga Lovell Airport, TN, United States Extracting data for hotel: Holiday Inn Express & Suites: Ooltewah Springs-Chattanooga
2024-06-26 05:33:15,344 - INFO - Chattanooga Lovell Airport, TN, United States Hotel Number : 10
2024-06-26 05:33:42,756 - INFO - Chattanooga Lovell Airport, TN, United States Extracting data for hotel: avid hotels: Chattanooga South - Ringgold
2024-06-26 05:33:46,277 - INFO - Chattanooga Lovell Airport, TN, United States Hotel Number : 11
2024-06-26 05:34:17,525 - INFO - Chattanooga Lovell Airport, TN, United States Extracting data for hotel: Holiday Inn Express: Ringgold (Chattanooga Area)
2024-06-26 05:34:21,181 - INFO - Chattanooga Lovell Airport, TN, United States Hotel Number : 12
2024-06-26 05:34:58,781 - INFO - Chattanooga Lovell Airport, TN, United States Extracting data for hotel: Holiday Inn Express & Suites: Chattanooga-Lookout Mtn
2024-06-26 05:35:02,613 - INFO - Chattanooga Lovell Airport, TN, United States Hotel Number : 13
2024-06-26 05:35:41,417 - INFO - Chattanooga Lovell Airport, TN, United States Extracting data for hotel: Holiday Inn: Cleveland
2024-06-26 05:35:47,000 - INFO - Chattanooga Lovell Airport, TN, United States Hotel Number : 14
2024-06-26 05:36:29,883 - INFO - Chattanooga Lovell Airport, TN, United States Extracting data for hotel: Holiday Inn Express & Suites: Dalton - Market St
2024-06-26 05:36:34,127 - INFO - Chattanooga Lovell Airport, TN, United States Hotel Number : 15
2024-06-26 05:37:21,621 - INFO - Chattanooga Lovell Airport, TN, United States Extracting data for hotel: Holiday Inn Express & Suites: Cleveland Northwest
2024-06-26 05:37:25,988 - INFO - Chattanooga Lovell Airport, TN, United States Hotel Number : 16
2024-06-26 05:38:22,432 - INFO - Chattanooga Lovell Airport, TN, United States Extracting data for hotel: Holiday Inn Express & Suites: Kimball
2024-06-26 05:38:29,039 - INFO - Chattanooga Lovell Airport, TN, United States Hotel Number : 17
2024-06-26 05:39:26,745 - INFO - Chattanooga Lovell Airport, TN, United States Extracting data for hotel: Holiday Inn Express: Dayton
2024-06-26 05:39:31,890 - INFO - Saved 17 hotels out of 17. Chattanooga Lovell Airport, TN, United States
2024-06-26 05:39:31,924 - INFO - Data saved to data/Chattanooga_Lovell_Airport_TN_United_States_05_26_2024_To_05_27_2024.csv
2024-06-26 05:40:33,461 - INFO - Execution time for Chattanooga Lovell Airport, TN, United States: 627.2528474330902 seconds
2024-06-26 05:40:33,462 - INFO - Using port: 3010
2024-06-26 05:40:56,682 - INFO - Chattanooga, TN, United States Total Number of Hotels: 18
2024-06-26 05:41:01,811 - INFO - Chattanooga, TN, United States First scroll: 16
2024-06-26 05:41:04,848 - INFO - Chattanooga, TN, United States Total Number of Available Hotels: 16
2024-06-26 05:41:04,862 - INFO - Chattanooga, TN, United States Hotel Number : 1
2024-06-26 05:41:10,611 - INFO - Chattanooga, TN, United States Extracting data for hotel: Hotel Indigo: Chattanooga - Downtown
2024-06-26 05:41:13,729 - INFO - Chattanooga, TN, United States Hotel Number : 2
2024-06-26 05:41:21,019 - INFO - Chattanooga, TN, United States Extracting data for hotel: Staybridge Suites: Chattanooga Dwtn - Conv Ctnr
2024-06-26 05:41:24,141 - INFO - Chattanooga, TN, United States Hotel Number : 3
2024-06-26 05:41:33,885 - INFO - Chattanooga, TN, United States Extracting data for hotel: Holiday Inn & Suites: Chattanooga Downtown
2024-06-26 05:41:37,087 - INFO - Chattanooga, TN, United States Hotel Number : 4
2024-06-26 05:41:50,118 - INFO - Chattanooga, TN, United States Extracting data for hotel: Holiday Inn Express & Suites: Chattanooga Downtown
2024-06-26 05:41:53,317 - INFO - Chattanooga, TN, United States Hotel Number : 5
2024-06-26 05:42:08,220 - INFO - Chattanooga, TN, United States Extracting data for hotel: Holiday Inn Express & Suites: Chattanooga-Lookout Mtn
2024-06-26 05:42:11,483 - INFO - Chattanooga, TN, United States Hotel Number : 6
2024-06-26 05:42:27,078 - INFO - Chattanooga, TN, United States Extracting data for hotel: Holiday Inn Express & Suites: Chattanooga-Hixson
2024-06-26 05:42:30,381 - INFO - Chattanooga, TN, United States Hotel Number : 7
2024-06-26 05:42:48,685 - INFO - Chattanooga, TN, United States Extracting data for hotel: Holiday Inn Express & Suites: Chattanooga (East Ridge)
2024-06-26 05:42:51,931 - INFO - Chattanooga, TN, United States Hotel Number : 8
2024-06-26 05:43:12,694 - INFO - Chattanooga, TN, United States Extracting data for hotel: Candlewood Suites: Chattanooga - East Ridge
2024-06-26 05:43:16,089 - INFO - Chattanooga, TN, United States Hotel Number : 9
2024-06-26 05:43:39,599 - INFO - Chattanooga, TN, United States Extracting data for hotel: Staybridge Suites: Chattanooga-Hamilton Place
2024-06-26 05:43:43,111 - INFO - Chattanooga, TN, United States Hotel Number : 10
2024-06-26 05:44:09,907 - INFO - Chattanooga, TN, United States Extracting data for hotel: avid hotels: Chattanooga South - Ringgold
2024-06-26 05:44:13,405 - INFO - Chattanooga, TN, United States Hotel Number : 11
2024-06-26 05:44:45,197 - INFO - Chattanooga, TN, United States Extracting data for hotel: Holiday Inn Express & Suites: Ooltewah Springs-Chattanooga
2024-06-26 05:44:48,781 - INFO - Chattanooga, TN, United States Hotel Number : 12
2024-06-26 05:45:21,221 - INFO - Chattanooga, TN, United States Extracting data for hotel: Holiday Inn Express: Ringgold (Chattanooga Area)
2024-06-26 05:45:24,944 - INFO - Chattanooga, TN, United States Hotel Number : 13
2024-06-26 05:46:02,817 - INFO - Chattanooga, TN, United States Extracting data for hotel: Holiday Inn Express & Suites: Kimball
2024-06-26 05:46:06,750 - INFO - Chattanooga, TN, United States Hotel Number : 14
2024-06-26 05:46:45,922 - INFO - Chattanooga, TN, United States Extracting data for hotel: Holiday Inn: Cleveland
2024-06-26 05:46:51,614 - INFO - Chattanooga, TN, United States Hotel Number : 15
2024-06-26 05:47:37,303 - INFO - Chattanooga, TN, United States Extracting data for hotel: Holiday Inn Express & Suites: Dalton - Market St
2024-06-26 05:47:41,604 - INFO - Chattanooga, TN, United States Hotel Number : 16
2024-06-26 05:48:38,438 - INFO - Chattanooga, TN, United States Extracting data for hotel: Holiday Inn Express & Suites: Cleveland Northwest
2024-06-26 05:48:43,130 - INFO - Saved 16 hotels out of 16. Chattanooga, TN, United States
2024-06-26 05:48:43,177 - INFO - Data saved to data/Chattanooga_TN_United_States_05_26_2024_To_05_27_2024.csv
2024-06-26 05:49:45,587 - INFO - Execution time for Chattanooga, TN, United States: 552.1251611709595 seconds
2024-06-26 05:49:45,588 - INFO - Using port: 9010
2024-06-26 05:50:10,523 - INFO - Louisville, KY, United States Total Number of Hotels: 21
2024-06-26 05:50:13,983 - INFO - Louisville, KY, United States First scroll: 20
2024-06-26 05:50:17,220 - INFO - Louisville, KY, United States Total Number of Available Hotels: 21
2024-06-26 05:50:17,308 - INFO - Louisville, KY, United States Hotel Number : 1
2024-06-26 05:50:24,552 - INFO - Louisville, KY, United States Extracting data for hotel: Holiday Inn Express & Suites: Louisville Downtown
2024-06-26 05:50:27,703 - INFO - Louisville, KY, United States Hotel Number : 2
2024-06-26 05:50:35,153 - INFO - Louisville, KY, United States Extracting data for hotel: Holiday Inn: Louisville Downtown
2024-06-26 05:50:38,317 - INFO - Louisville, KY, United States Hotel Number : 3
2024-06-26 05:50:48,130 - INFO - Louisville, KY, United States Extracting data for hotel: Candlewood Suites: Louisville - NE Downtown Area
2024-06-26 05:50:51,325 - INFO - Louisville, KY, United States Hotel Number : 4
2024-06-26 05:51:03,124 - INFO - Louisville, KY, United States Extracting data for hotel: Holiday Inn: Louisville Airport - Fair/Expo
2024-06-26 05:51:06,324 - INFO - Louisville, KY, United States Hotel Number : 5
2024-06-26 05:51:19,688 - INFO - Louisville, KY, United States Extracting data for hotel: Staybridge Suites: Louisville - Expo Center
2024-06-26 05:51:23,005 - INFO - Louisville, KY, United States Hotel Number : 6
2024-06-26 05:51:39,841 - INFO - Louisville, KY, United States Extracting data for hotel: Holiday Inn Express: New Albany - Louisville NW
2024-06-26 05:51:43,106 - INFO - Louisville, KY, United States Hotel Number : 7
2024-06-26 05:52:02,307 - INFO - Louisville, KY, United States Extracting data for hotel: Crowne Plaza: Louisville Airport Expo Ctr
2024-06-26 05:52:05,617 - INFO - Louisville, KY, United States Hotel Number : 8
2024-06-26 05:52:27,127 - INFO - Louisville, KY, United States Extracting data for hotel: Candlewood Suites: Louisville North
2024-06-26 05:52:31,426 - INFO - Louisville, KY, United States Hotel Number : 9
2024-06-26 05:52:55,019 - INFO - Louisville, KY, United States Extracting data for hotel: Candlewood Suites: Louisville Airport
2024-06-26 05:52:58,424 - INFO - Louisville, KY, United States Hotel Number : 10
2024-06-26 05:53:25,816 - INFO - Louisville, KY, United States Extracting data for hotel: Holiday Inn Express & Suites: Louisville N - Jeffersonville
2024-06-26 05:53:29,301 - INFO - Louisville, KY, United States Hotel Number : 11
2024-06-26 05:54:01,429 - INFO - Louisville, KY, United States Extracting data for hotel: Holiday Inn Express: Louisville Airport Expo Center
2024-06-26 05:54:05,026 - INFO - Louisville, KY, United States Hotel Number : 12
2024-06-26 05:54:43,337 - INFO - Louisville, KY, United States Extracting data for hotel: Holiday Inn: Louisville Airport South
2024-06-26 05:54:47,098 - INFO - Louisville, KY, United States Hotel Number : 13
2024-06-26 05:55:28,385 - INFO - Louisville, KY, United States Extracting data for hotel: Holiday Inn: Louisville East - Hurstbourne
2024-06-26 05:55:32,400 - INFO - Louisville, KY, United States Hotel Number : 14
2024-06-26 05:56:17,032 - INFO - Louisville, KY, United States Extracting data for hotel: Staybridge Suites: Louisville-East
2024-06-26 05:56:21,231 - INFO - Louisville, KY, United States Hotel Number : 15
2024-06-26 05:57:11,354 - INFO - Louisville, KY, United States Extracting data for hotel: Holiday Inn Express: Louisville Northeast
2024-06-26 05:57:17,677 - INFO - Louisville, KY, United States Hotel Number : 16
2024-06-26 05:58:11,653 - INFO - Louisville, KY, United States Extracting data for hotel: Holiday Inn Express & Suites: Louisville East
2024-06-26 05:58:16,379 - INFO - Louisville, KY, United States Hotel Number : 17
2024-06-26 05:59:16,081 - INFO - Louisville, KY, United States Extracting data for hotel: Holiday Inn Express & Suites: Louisville South-Hillview
2024-06-26 05:59:21,104 - INFO - Louisville, KY, United States Hotel Number : 18
2024-06-26 06:01:32,942 - ERROR - Louisville, KY, United States Error extracting data: Message: 

2024-06-26 06:01:32,945 - INFO - Save 17 hotel out of 21.
2024-06-26 06:01:37,114 - INFO - Data saved to data/Louisville_KY_United_States_05_26_2024_To_05_27_2024.csv
2024-06-26 06:02:39,263 - INFO - Execution time for Louisville, KY, United States: 773.6749517917633 seconds
2024-06-26 06:02:39,264 - INFO - Using port: 2005
2024-06-26 06:03:03,699 - INFO - College Station, TX, United States Total Number of Hotels: 7
2024-06-26 06:03:07,007 - INFO - College Station, TX, United States First scroll: 7
2024-06-26 06:03:10,097 - INFO - College Station, TX, United States Total Number of Available Hotels: 7
2024-06-26 06:03:10,110 - INFO - College Station, TX, United States Hotel Number : 1
2024-06-26 06:03:16,750 - INFO - College Station, TX, United States Extracting data for hotel: Aggieland Boutique Hotel
2024-06-26 06:03:19,978 - INFO - College Station, TX, United States Hotel Number : 2
2024-06-26 06:03:27,687 - INFO - College Station, TX, United States Extracting data for hotel: Holiday Inn Express & Suites: College Station
2024-06-26 06:03:30,815 - INFO - College Station, TX, United States Hotel Number : 3
2024-06-26 06:03:39,611 - INFO - College Station, TX, United States Extracting data for hotel: Staybridge Suites: College Station
2024-06-26 06:03:42,838 - INFO - College Station, TX, United States Hotel Number : 4
2024-06-26 06:03:55,109 - INFO - College Station, TX, United States Extracting data for hotel: Holiday Inn Express & Suites: Bryan - College Station
2024-06-26 06:03:58,415 - INFO - College Station, TX, United States Hotel Number : 5
2024-06-26 06:04:12,082 - INFO - College Station, TX, United States Extracting data for hotel: Candlewood Suites: College Station at University
2024-06-26 06:04:15,364 - INFO - College Station, TX, United States Hotel Number : 6
2024-06-26 06:04:33,241 - INFO - College Station, TX, United States Extracting data for hotel: Holiday Inn & Suites: College Station-Aggieland
2024-06-26 06:04:36,550 - INFO - College Station, TX, United States Hotel Number : 7
2024-06-26 06:04:55,424 - INFO - College Station, TX, United States Extracting data for hotel: Holiday Inn Express & Suites: Hearne
2024-06-26 06:04:58,756 - INFO - Saved 7 hotels out of 7. College Station, TX, United States
2024-06-26 06:04:58,781 - INFO - Data saved to data/College_Station_TX_United_States_05_26_2024_To_05_27_2024.csv
2024-06-26 06:05:59,376 - INFO - Execution time for College Station, TX, United States: 200.11183381080627 seconds
2024-06-26 06:05:59,376 - INFO - Using port: 9010
2024-06-26 06:06:22,960 - INFO - Baton Rouge, LA, USA Total Number of Hotels: 12
2024-06-26 06:06:26,014 - INFO - Baton Rouge, LA, USA First scroll: 12
2024-06-26 06:06:29,049 - INFO - Baton Rouge, LA, USA Total Number of Available Hotels: 12
2024-06-26 06:06:29,072 - INFO - Baton Rouge, LA, USA Hotel Number : 1
2024-06-26 06:06:36,102 - INFO - Baton Rouge, LA, USA Extracting data for hotel: Candlewood Suites: Baton Rouge - College Drive
2024-06-26 06:06:39,231 - INFO - Baton Rouge, LA, USA Hotel Number : 2
2024-06-26 06:06:47,619 - INFO - Baton Rouge, LA, USA Extracting data for hotel: Hotel Indigo: Baton Rouge Downtown
2024-06-26 06:06:50,825 - INFO - Baton Rouge, LA, USA Hotel Number : 3
2024-06-26 06:07:01,589 - INFO - Baton Rouge, LA, USA Extracting data for hotel: Crowne Plaza: Executive Center Baton Rouge
2024-06-26 06:07:04,784 - INFO - Baton Rouge, LA, USA Hotel Number : 4
2024-06-26 06:07:19,481 - INFO - Baton Rouge, LA, USA Extracting data for hotel: Holiday Inn: Baton Rouge College Drive I-10
2024-06-26 06:07:22,699 - INFO - Baton Rouge, LA, USA Hotel Number : 5
2024-06-26 06:07:38,944 - INFO - Baton Rouge, LA, USA Extracting data for hotel: Holiday Inn: Baton Rouge-South
2024-06-26 06:07:42,326 - INFO - Baton Rouge, LA, USA Hotel Number : 6
2024-06-26 06:07:59,312 - INFO - Baton Rouge, LA, USA Extracting data for hotel: Holiday Inn Express & Suites: Baton Rouge -Port Allen
2024-06-26 06:08:02,613 - INFO - Baton Rouge, LA, USA Hotel Number : 7
2024-06-26 06:08:21,708 - INFO - Baton Rouge, LA, USA Extracting data for hotel: Holiday Inn Express & Suites: Baton Rouge East
2024-06-26 06:08:25,023 - INFO - Baton Rouge, LA, USA Hotel Number : 8
2024-06-26 06:08:49,743 - INFO - Baton Rouge, LA, USA Extracting data for hotel: Holiday Inn Express & Suites: Baton Rouge North
2024-06-26 06:08:53,181 - INFO - Baton Rouge, LA, USA Hotel Number : 9
2024-06-26 06:09:18,145 - INFO - Baton Rouge, LA, USA Extracting data for hotel: Holiday Inn Express & Suites: Gonzales
2024-06-26 06:09:21,703 - INFO - Baton Rouge, LA, USA Hotel Number : 10
2024-06-26 06:10:16,837 - INFO - Baton Rouge, LA, USA Extracting data for hotel: Holiday Inn: Gonzales
2024-06-26 06:10:20,590 - INFO - Baton Rouge, LA, USA Hotel Number : 11
2024-06-26 06:26:33,542 - ERROR - Failed to click hotel element after retries.
2024-06-26 06:26:33,542 - INFO - Save 10 hotel out of 12.
2024-06-26 06:26:33,547 - INFO - Data saved to data/Baton_Rouge_LA_USA_05_26_2024_To_05_27_2024.csv
2024-06-26 06:27:35,671 - INFO - Execution time for Baton Rouge, LA, USA: 1296.2947709560394 seconds
2024-06-26 06:27:35,672 - INFO - Using port: 6010
2024-06-26 06:28:00,495 - INFO - Auburn, Alabama, United States Total Number of Hotels: 7
2024-06-26 06:28:03,581 - INFO - Auburn, Alabama, United States First scroll: 5
2024-06-26 06:28:06,609 - INFO - Auburn, Alabama, United States Total Number of Available Hotels: 5
2024-06-26 06:28:06,619 - INFO - Auburn, Alabama, United States Hotel Number : 1
2024-06-26 06:28:14,916 - INFO - Auburn, Alabama, United States Extracting data for hotel: Candlewood Suites: Auburn
2024-06-26 06:28:18,026 - INFO - Auburn, Alabama, United States Hotel Number : 2
2024-06-26 06:28:26,389 - INFO - Auburn, Alabama, United States Extracting data for hotel: Holiday Inn Express & Suites: Auburn - University Area
2024-06-26 06:28:29,603 - INFO - Auburn, Alabama, United States Hotel Number : 3
2024-06-26 06:28:38,806 - INFO - Auburn, Alabama, United States Extracting data for hotel: avid hotels: Auburn - University Area
2024-06-26 06:28:42,200 - INFO - Auburn, Alabama, United States Hotel Number : 4
2024-06-26 06:28:55,695 - INFO - Auburn, Alabama, United States Extracting data for hotel: Holiday Inn Express & Suites: Opelika Auburn
2024-06-26 06:28:58,983 - INFO - Auburn, Alabama, United States Hotel Number : 5
2024-06-26 06:29:12,893 - INFO - Auburn, Alabama, United States Extracting data for hotel: Holiday Inn Express & Suites: Phenix City - Ft. Moore
2024-06-26 06:29:16,197 - INFO - Saved 5 hotels out of 5. Auburn, Alabama, United States
2024-06-26 06:29:16,198 - INFO - Data saved to data/Auburn_Alabama_United_States_05_26_2024_To_05_27_2024.csv
2024-06-26 06:30:16,718 - INFO - Execution time for Auburn, Alabama, United States: 161.04593348503113 seconds
2024-06-26 06:30:16,718 - INFO - Execution time: 3610.5096945762634 seconds